word	C	count	sigma_nor
universe	39.1600903773	47	6.16069263723
x	34.6215294236	150	3.71679156784
field	31.1030675992	80	4.25208063968
gravitational	28.9836931582	88	3.90279384476
disc	25.8931848099	33	4.92357159638
body	23.467649482	156	2.80496440027
continuum	22.1324514192	55	3.71756824287
eq	21.2482869064	56	3.58802558139
energy	19.5704947973	23	4.37856056901
2	17.7998144642	87	2.78529385135
dimensional	17.1964697968	50	3.19162285218
surface	16.9457723286	49	3.17750082551
theory	16.1936985166	181	2.15899910947
euclidean	15.5893445686	49	3.00080097719
k	15.5130595404	107	2.41552432278
gif	15.3678654605	46	3.02410742727
equation	14.7156757925	26	3.41703714319
transformation	14.3485155229	52	2.794185477
motion	14.2087844083	110	2.27917581472
file	13.3877444971	47	2.74373061933
ordinates	13.140992205	63	2.51272736308
rods	12.9965798399	47	2.69186903162
reference	12.8807273856	149	2.00765082912
propositions	12.540656981	15	3.45774448288
co	12.444236003	127	2.0476127733
w	12.4190947444	23	3.12113703476
dx	12.3929848094	16	3.38157863297
0	11.948702105	30	2.85235423284
carriage	11.7014993875	50	2.48191210096
four	11.2479958325	35	2.64193207149
along	11.1032230676	19	3.01411397433
embankment	11.0469578468	52	2.37483567486
t	11.0134015856	43	2.48146164253
sun	11.0121679604	40	2.52475632238
lorentz	11.0005953699	47	2.42723642293
axis	10.7631960362	18	2.98391862018
b	10.6114237348	49	2.3523345552
rod	10.5630917654	33	2.57449612652
x1	10.4227882435	14	3.06677710392
train	10.329090064	26	2.67998367738
v	10.3161188727	46	2.34824884622
plane	10.0703528637	23	2.7081600939
3	10.0333175958	31	2.5288942236
light	10.019050708	105	1.91706269038
4	9.98266667307	24	2.66807666644
table	9.73513745759	14	2.92382246035
relativity	9.7280131068	192	1.67406671347
geometry	9.70538248603	31	2.47739081525
velocity	9.63187851121	97	1.91297187673
definition	9.58883218517	22	2.64814161557
points	9.44865713206	64	2.07386637589
1	9.40248467829	49	2.19484784326
finite	9.19237541318	14	2.81098851004
law	9.18149902895	95	1.8776879376
gaussian	9.05807573905	12	2.85609120626
earth	9.02370487846	27	2.44116522763
he	9.0020762531	44	2.19364179593
clock	8.91623619774	23	2.50523291232
observer	8.75088879959	22	2.49841557812
k1	8.62164029348	61	1.99796712365
principle	8.454432213	71	1.91678103804
description	8.29499548286	22	2.41695530169
mass	8.2919563362	34	2.21275186955
6	8.22184462149	11	2.7087727274
special	8.20340721021	56	1.98301296
rigid	8.15415259715	39	2.1306796145
time	8.09098986231	137	1.65398912383
will	8.05321064739	62	1.92420876227
numbers	8.03597667755	14	2.57058659025
ct	7.94832437837	14	2.55236469122
chest	7.92532780021	24	2.31193542507
world	7.81015029594	26	2.25674031656
circle	7.79470579514	14	2.52042916484
stone	7.72642035199	9	2.66557882915
you	7.67411739398	17	2.41592407236
radius	7.62809396437	18	2.38304733501
equations	7.51299448169	37	2.06016324845
general	7.28781271166	115	1.63664952467
centre	7.25932906455	19	2.29087058557
truth	7.10779454231	9	2.52021216877
space	7.01243771355	128	1.58314202777
clocks	6.9706219026	34	2.01266887876
ellipse	6.84403123056	9	2.45823222684
planet	6.84007032726	19	2.2119854473
measuring	6.83831365698	34	1.99263411026
galileian	6.80890966693	45	1.88676740561
relative	6.73535113042	89	1.65835207409
mercury	6.66461704846	9	2.41607291168
i	6.64374409676	120	1.56823505162
t1	6.30955384069	13	2.23432607403
stars	6.26279263535	36	1.88631659574
m	6.25430609224	17	2.13854199706
floor	6.24963069003	7	2.36636103246
mechanics	6.22346126391	40	1.84579760827
c	6.21507426127	44	1.81377585911
man	6.20055474136	21	2.05833410041
ray	6.10833901386	17	2.11002507296
infinite	6.10547833416	12	2.21346306288
lines	6.06831831673	27	1.95161856287
simultaneously	6.06596693135	8	2.2988229956
square	6.06383250169	20	2.0493640863
piece	5.94939670313	7	2.29171311869
event	5.91140099832	27	1.92562590564
particular	5.90159937109	26	1.93605717917
laws	5.87367685876	51	1.72341067066
they	5.86693351068	47	1.74660270541
position	5.83467259771	45	1.75522060558
at	5.80881164786	147	1.45171210097
domain	5.76484303671	13	2.1185155685
spectral	5.66027816095	11	2.1374495109
cartesian	5.64307266844	11	2.13361205539
empirical	5.56527245055	14	2.05695576282
distance	5.55765539062	64	1.62213993192
system	5.48930431703	108	1.48987922801
simultaneity	5.48043177935	11	2.09733717542
term	5.37408800617	6	2.16178235072
y	5.37208172565	30	1.80617749712
inertial	5.35810714202	15	1.99639869255
formulation	5.3286675746	11	2.06348819475
density	5.32025361009	11	2.06161157224
force	5.27342238173	17	1.94691120858
s	5.26153218414	32	1.77065009779
conservation	5.25100220978	6	2.13026548061
propagation	5.19005878324	25	1.82726010682
maxwell	5.13905234526	10	2.03947798488
action	5.11444173294	9	2.05180778552
planets	5.03156937712	6	2.07407836326
acceleration	4.99059478424	11	1.98808557023
complete	4.98950977269	6	2.0633087446
all	4.90655841979	63	1.55013278492
ordinate	4.88151323221	60	1.55833157492
true	4.81394575672	11	1.94868636191
am	4.77972201482	8	1.98807639087
p	4.77015291519	18	1.83529652122
axioms	4.710589632	5	1.9921932098
science	4.70164681107	5	1.98983496756
photographs	4.69807231163	5	1.98889236392
variables	4.69330920125	5	1.98763632087
liquid	4.68356181633	7	1.9769854809
geometrical	4.65520269006	17	1.8261324397
atom	4.63717460761	5	1.97283350073
hypothesis	4.62947146333	15	1.84815208019
differences	4.61299487858	5	1.96645725114
three	4.60090983561	33	1.66089336641
displacement	4.59139702806	9	1.92890107716
classical	4.59098503572	28	1.69828375387
orbit	4.52133857237	8	1.92565299356
5	4.50275282709	7	1.93203049769
physical	4.41697774057	35	1.61946605966
ratio	4.39093242815	5	1.90789887743
signal	4.3548318739	5	1.89837907909
f	4.34765979867	10	1.85840329785
electron	4.3407870945	7	1.89176055969
limiting	4.33757553567	5	1.89382854341
newton	4.26307844089	23	1.68707282774
heavenly	4.24953181	5	1.87061121252
circumference	4.23341817813	5	1.86636201111
rigidly	4.23102171616	5	1.86573005863
squares	4.22772403546	8	1.85471804232
arrow	4.21552024222	7	1.86061515445
y1	4.21269285623	6	1.86440002746
z1	4.21258933159	6	1.86437351935
ideas	4.20110528153	13	1.7860506006
rotating	4.19319835637	10	1.82306172503
mechanical	4.18942107017	6	1.85844114447
defined	4.13336836193	9	1.82127204437
railway	4.11659910249	27	1.62832493886
bodies	4.09472558569	50	1.49944836647
his	4.08079230656	21	1.67321595759
orbital	4.07486520751	5	1.82455123181
book	4.04156649043	9	1.79970014862
velocities	4.03635829871	13	1.75102388325
places	4.01168765714	9	1.79267912534
would	3.96274070888	69	1.42364171186
positions	3.94323751259	12	1.74285477663
on	3.93688146815	191	1.26880978768
uniform	3.87293870132	19	1.65370826006
with	3.86206784369	359	1.19620733704
eclipse	3.85013727185	9	1.75471750198
statements	3.84956623698	7	1.76962711106
magnitudes	3.84607166988	11	1.73281496252
z	3.82243780726	25	1.59406824226
as	3.819881104	282	1.21743352396
royal	3.80112442626	4	1.73063705404
important	3.77708077605	13	1.6958991074
revolution	3.77705576944	4	1.72411107731
measured	3.77393100051	12	1.70600548273
events	3.76150522321	34	1.52672856973
9	3.74627601028	4	1.71576545198
correct	3.73832756474	4	1.71361031008
g	3.73629542093	28	1.55865708309
fizeau	3.72866392145	7	1.73956687131
vacuo	3.72712779661	15	1.6645632227
answer	3.72333940764	14	1.67403919087
matter	3.6987311784	25	1.57297513244
8	3.69570394138	4	1.70205333886
amount	3.68782204035	20	1.61020039254
non	3.68589413494	21	1.60147091298
rest	3.68520655051	38	1.49511278555
planes	3.66897771468	4	1.69480678851
habit	3.66793543141	4	1.69452418377
dependent	3.66010488498	5	1.71517799054
domains	3.65991728862	4	1.69235014416
mirrors	3.64723179233	4	1.68891059811
photograph	3.6452863499	4	1.68838311075
neighbouring	3.64210041774	7	1.71804437472
becomes	3.64197858587	8	1.71320657171
is	3.64020933448	510	1.15622829048
minkowski	3.63856583345	12	1.67654346876
towards	3.63101984911	17	1.62604249707
room	3.616496156	4	1.68057693624
coming	3.60742500632	4	1.67811738429
text	3.60550550453	4	1.67759693049
06	3.59750021842	4	1.67542637684
contraction	3.57162153304	6	1.70024979877
little	3.56870255624	17	1.61386785105
intensity	3.56330573356	4	1.66615488262
decision	3.55454977528	4	1.66378079169
objects	3.55181309329	4	1.6630387676
years	3.54364160304	4	1.66082314936
place	3.53932485583	48	1.43449082105
still	3.53588733156	14	1.63507007272
different	3.5297798794	23	1.5581376735
l	3.5280602165	5	1.68035751086
infinity	3.52708870557	4	1.65633499596
physics	3.49267022649	18	1.59045515806
constants	3.48898877612	5	1.67005428308
electrodynamics	3.4858639945	9	1.66911940865
identically	3.48022102977	4	1.64362729216
average	3.47202980909	8	1.6721482906
fulfilled	3.46587859748	4	1.63973848441
11	3.45784103631	15	1.60977473082
or	3.45702460701	79	1.34682418132
ab	3.4538624362	4	1.63648042188
deductions	3.44080364385	8	1.6646042959
expect	3.43220579927	4	1.63060844033
produces	3.40753676149	4	1.62391967628
freely	3.40153701417	4	1.62229290451
relation	3.38898306	11	1.63086744766
takes	3.3784288623	13	1.61114205957
point	3.37037734489	71	1.35294862575
addition	3.34552366553	11	1.62117440966
added	3.34166480911	4	1.60605915204
obtain	3.33261491671	22	1.53026344241
parts	3.32876529739	4	1.60256157783
travelling	3.3256958304	11	1.61675207562
gravitation	3.32046214395	19	1.54975767837
objection	3.28285025749	5	1.61569508643
their	3.25434430668	44	1.41023095274
treated	3.23871607257	5	1.6040568014
insert	3.2259612488	4	1.57468728331
electrical	3.22178295312	5	1.59959149925
phenomena	3.18086474461	16	1.5456833435
situated	3.16764812616	14	1.55851740175
observation	3.15742745425	16	1.54101249568
ground	3.14021725507	4	1.55143865285
negative	3.13912745344	8	1.5917217129
30	3.13532526912	5	1.57679241116
practically	3.12992927645	8	1.58949950604
shall	3.12497942466	34	1.43034268721
who	3.11637412451	16	1.53283092464
43	3.11376706661	5	1.57110746407
perihelion	3.10526818749	5	1.5688662903
magnetic	3.10244196274	4	1.54119625833
structure	3.09969438837	12	1.55925895321
few	3.08352259198	10	1.56916219994
material	3.07245125668	19	1.50309347941
uniformly	3.00964477321	19	1.49127619883
identical	3.00935795494	11	1.54619713383
hold	3.00837894041	29	1.43488211159
himself	3.00003937928	5	1.54111721402
zero	2.99982683022	5	1.54106116435
curves	2.99959131326	14	1.52358033444
einstein	2.99777565055	7	1.55784432489
statement	2.98906286212	19	1.48740363338
expression	2.98085398914	15	1.51272799546
occur	2.97998823086	4	1.50799414776
into	2.95622251279	34	1.40478868151
experiment	2.92698317905	18	1.48203600761
curved	2.92461730105	4	1.49298087127
hypotheses	2.92388172083	10	1.53263554714
fixed	2.92089935261	21	1.46248676787
does	2.91874224511	36	1.39141645315
lightning	2.91564851693	13	1.51275071988
we	2.91017020618	434	1.13422791062
its	2.90779023125	76	1.29338309542
value	2.90397946604	20	1.46532089565
construction	2.90299764868	12	1.51644821971
conflict	2.88082282372	4	1.48110643465
from	2.88036680025	217	1.18357082358
respect	2.86205169479	72	1.2948962446
minimum	2.84289598298	3	1.41314261563
directions	2.84246481729	4	1.470706043
year	2.84011782173	3	1.41237241957
ticks	2.83894153381	3	1.41204631456
considerably	2.83795032768	3	1.41177152019
believes	2.8326628983	3	1.41030567394
relationship	2.83043422177	3	1.4096878128
assigned	2.82578380952	3	1.40839856828
dt1	2.8254889096	3	1.40831681249
localised	2.82495558858	3	1.40816895868
direction	2.82427192933	29	1.40520825797
instantaneous	2.82299497323	3	1.40762541276
centrifugal	2.81909210579	3	1.40654341181
presents	2.81140847834	3	1.40441326203
should	2.80765216814	42	1.35526610486
mentioned	2.80542257983	12	1.49521116069
diameter	2.80497468464	3	1.40262960655
perpendiculars	2.8002284991	3	1.40131381058
hope	2.797126345	3	1.40045379324
associate	2.79532988866	3	1.3999557575
deviations	2.79130083742	3	1.39883877433
standing	2.78772910927	3	1.39784857589
determines	2.78687318788	3	1.39761128682
effects	2.77940988715	3	1.39554221874
continue	2.77276623662	3	1.39370038416
central	2.77205653987	3	1.39350363329
encounter	2.77177311739	3	1.39342505943
doing	2.7657248571	3	1.39174828626
cosmological	2.76004263705	5	1.47782952673
physicists	2.75902114449	7	1.49848220548
stellar	2.75841230623	3	1.38972101091
generalised	2.75790162084	3	1.38957943242
satisfies	2.73678420877	3	1.38372500352
absent	2.7364623118	3	1.38363576329
might	2.73148544027	9	1.49185313658
demand	2.72706602242	3	1.38103080829
enters	2.72523892991	3	1.38052427922
stipulation	2.71634025947	3	1.37805728027
p1	2.71309478879	4	1.43562864744
sense	2.71093156901	28	1.39114815529
supposition	2.70946157649	3	1.37615028711
judged	2.70938729255	19	1.43478160308
attribute	2.70918249076	3	1.37607291553
r	2.70749269933	15	1.45711050876
claim	2.69729319997	3	1.37277682
period	2.69233947338	3	1.37140348694
treating	2.6877307085	3	1.37012578841
elliptical	2.68718677033	4	1.42860394611
04	2.68178849849	3	1.36847841582
32	2.67433194663	4	1.42511848861
jerk	2.67100085404	3	1.36548773225
change	2.66703149457	3	1.36438729756
powerful	2.65557891199	4	1.42003378993
represents	2.65189363837	3	1.36019059474
size	2.65154185988	3	1.36009307038
equivalent	2.64915125612	9	1.47250598811
origin	2.64651602808	9	1.47188675385
one	2.64616800802	85	1.25332700382
equally	2.64380275524	3	1.35794754053
holding	2.64009448645	4	1.41583534206
suggestion	2.63951587447	3	1.35675907868
numerical	2.62882063422	3	1.35379401254
continuously	2.61323021025	4	1.40855136096
simple	2.61041279471	21	1.40607761343
our	2.60689195	87	1.24691818604
straight	2.60674982946	26	1.38244203876
accuracy	2.59928693852	5	1.43543788306
return	2.59348273872	3	1.3439972062
closed	2.59064127184	4	1.40242659515
curvature	2.58937890771	8	1.45890680973
seconds	2.5850362294	10	1.45510595506
times	2.58037186127	14	1.43642945995
distribution	2.57461876698	3	1.33876750377
interpret	2.5743254192	5	1.42885547359
adjacent	2.57271649777	6	1.44447406204
it	2.57119707005	240	1.15578490392
foundations	2.57090839877	3	1.33773886983
curve	2.56319358182	5	1.42591998273
exactness	2.56223333428	3	1.33533386167
direct	2.56194714557	3	1.33525452092
rules	2.55194544412	3	1.33248172614
positive	2.545644348	3	1.33073485872
translation	2.54193565327	7	1.44450770646
everywhere	2.54133032043	6	1.43643743959
electrons	2.53505477883	3	1.32779908801
recognition	2.53111850196	3	1.32670782489
sitting	2.52370400982	3	1.32465228812
arc	2.5213704584	7	1.43939453154
him	2.51874861299	7	1.43874265567
associated	2.51459462821	5	1.41310432803
very	2.51267528189	18	1.40263007028
03	2.49612956836	3	1.31700776206
mathematician	2.49423627038	3	1.31648287869
mid	2.48382720679	3	1.31359714996
york	2.48206817902	3	1.31310949064
deflection	2.47990029211	6	1.42070790556
argument	2.47554342326	6	1.41959230267
observed	2.47304093513	9	1.43112302475
assumption	2.46266410815	8	1.42829351577
acts	2.46024809532	3	1.30706025846
middle	2.45945528672	3	1.30684046631
greater	2.45557861501	5	1.397541671
advance	2.45064740983	3	1.30439863826
followed	2.44991128581	3	1.3041945609
small	2.44985944333	33	1.33128155673
forwards	2.44871879761	3	1.30386396465
conclusion	2.44703815147	9	1.42501280794
drift	2.44254821619	4	1.36227263714
motions	2.43365690817	7	1.41758609605
are	2.43316785846	193	1.16238892737
12	2.43275913468	12	1.41410155277
fig	2.43080730342	8	1.42059716356
determine	2.43046892206	10	1.41974015976
others	2.42993582315	3	1.29865671728
themselves	2.42821891658	13	1.40911872282
century	2.42808450414	5	1.39029141137
employed	2.4220777929	3	1.29647821741
existence	2.42152841797	16	1.39435422758
briefly	2.42052066959	4	1.35630008713
alteration	2.41988920621	3	1.29587147048
arises	2.41536427986	4	1.35490198338
postulate	2.40801152904	9	1.41584220807
values	2.40681668597	19	1.37785178382
away	2.40469785482	3	1.29165993706
purpose	2.3884857506	6	1.39730065374
fields	2.38502392928	20	1.36940110315
agreement	2.37896127085	6	1.39486185251
27	2.36971002609	3	1.28196018054
supplemented	2.36676492414	5	1.37412129853
restricted	2.35849951841	4	1.33948366931
length	2.34617903115	25	1.34235264078
favour	2.32749288455	8	1.39563721661
removed	2.32708895389	6	1.38157962886
theoretical	2.32670955045	19	1.36277931925
respects	2.32597941004	3	1.26983664091
case	2.32509096209	39	1.29559701179
number	2.32121928401	23	1.34563767015
has	2.31600228285	79	1.22616310729
methods	2.31144904554	3	1.26580835442
introduce	2.30903998374	8	1.39117914163
disappears	2.30686226336	3	1.26453675021
starting	2.30016415396	5	1.35655852381
draw	2.28821184312	8	1.38614722749
theorem	2.27617421303	9	1.38486265623
apart	2.27472416436	4	1.31676881591
course	2.2745344921	26	1.3266217537
coordinates	2.26201109401	11	1.37951138938
notice	2.26165532665	5	1.34640365838
empty	2.25423575009	3	1.24994698046
ought	2.25106331939	15	1.36424639116
terrestrial	2.24402084655	3	1.24711507917
a	2.23913052442	800	1.076615249
per	2.23183709149	8	1.37252753311
satisfy	2.22693708258	11	1.37168859917
forms	2.22665524864	3	1.24230077438
out	2.21989334876	24	1.32428067606
farther	2.21349236337	12	1.36637848767
feel	2.21067101981	6	1.35177010563
side	2.20514434231	5	1.33150158316
sections	2.1965073654	3	1.23394280711
round	2.18713757163	8	1.36172848244
rays	2.18393278797	13	1.35718125464
rope	2.17535103103	12	1.35807708717
hardly	2.16996315512	4	1.28836391098
coincides	2.16711679188	5	1.32147363154
scene	2.16266118145	3	1.22455955141
simultaneous	2.15973959852	12	1.35467928364
realised	2.15839016213	3	1.22337548687
electromagnetic	2.14317003709	8	1.35110627364
example	2.14310540999	10	1.35398990948
investigation	2.13128691868	4	1.27787723443
end	2.12026870515	10	1.3487647539
line	2.11808993884	36	1.27292453637
new	2.11591780559	13	1.34272064649
natural	2.09812499578	28	1.29103679302
experience	2.09474306167	29	1.28762483354
accelerated	2.09108853188	12	1.33973748784
meet	2.08868216462	4	1.26632537943
was	2.08162141786	49	1.24116975899
satisfied	2.07961437714	11	1.33883023566
slab	2.07937913609	15	1.32931590489
diagonals	2.07209866756	3	1.19945269664
importance	2.06669820247	10	1.33650754722
seen	2.06212306314	13	1.33128339158
temperature	2.06086204538	7	1.32489719344
flat	2.04746687128	6	1.30998068636
something	2.04044981506	13	1.32667546054
form	2.03889723332	26	1.28702894302
systems	2.01577493116	20	1.30115192809
corresponding	2.00880343974	15	1.31495672896
between	2.00639444879	34	1.26096102142
connection	1.99566800406	15	1.31228422211
delicacy	1.98636119995	4	1.2385820683
sphere	1.98115302811	13	1.31406842058
attempts	1.97698818786	3	1.17308499881
indefinitely	1.9731752758	4	1.23500683622
axes	1.9681014606	3	1.1706213109
spherical	1.96727695293	21	1.28923278361
independently	1.9632551238	4	1.23231708574
every	1.95381410182	43	1.23477315842
several	1.94337298704	3	1.16376577909
while	1.94158017072	3	1.16326875248
inertia	1.9329207358	7	1.29308683131
01	1.92184097045	4	1.22108805027
confirmation	1.91839936807	3	1.15684228506
suppose	1.91527293615	12	1.30147150221
influences	1.91182462362	6	1.27524866019
whether	1.90733108513	17	1.28929326432
must	1.90538211487	71	1.19047756359
somewhat	1.90364404886	7	1.28580769671
certain	1.90190915092	10	1.29880296425
difficulties	1.89748820653	9	1.29587781397
rotation	1.89530593765	7	1.28373457164
specially	1.89304064964	3	1.14981202901
pass	1.88663051868	5	1.24750876276
galilei	1.86909755373	10	1.29129550197
results	1.86507742963	22	1.26803979277
data	1.86348786629	8	1.28353727192
tested	1.86205304088	5	1.24102762591
moving	1.85060598751	37	1.2313896442
subject	1.85000032963	5	1.23784929852
equality	1.8430544951	6	1.25763964865
now	1.84096503963	44	1.21758859334
rectangular	1.83900622217	3	1.13483193996
transformations	1.8358848121	5	1.23412700441
arrangement	1.8351622209	6	1.25561878363
constructions	1.83450092928	4	1.19740666744
detail	1.82879043313	9	1.27973499267
see	1.82474257618	24	1.25587702679
presentation	1.82243493986	3	1.13023784511
living	1.81566361018	3	1.12836061375
us	1.81189823837	56	1.19661608947
continues	1.81126343406	3	1.12714074277
often	1.81097534276	3	1.12706087455
fundamental	1.78057279411	26	1.24362413231
ends	1.77607032624	3	1.11738407625
difference	1.76764941528	9	1.26536788183
7	1.75582204923	6	1.23530324798
lit	1.75322301574	3	1.11105006362
furthermore	1.74951077888	3	1.11002091163
lengths	1.74903268935	8	1.25588580588
second	1.736656344	23	1.2428545518
said	1.7304362757	3	1.10473284308
states	1.72374907285	3	1.1028789344
actually	1.72222032196	3	1.10245511526
equal	1.72004779386	20	1.24649197432
suspended	1.7027537511	3	1.09705835289
differ	1.70071219587	7	1.23535225154
astronomers	1.69939441484	5	1.19813417593
inclined	1.6937622336	3	1.09456561374
unique	1.68642058369	5	1.19471294712
experimental	1.67526551057	6	1.21467625412
solar	1.66980466709	5	1.19033129209
speak	1.66919789072	7	1.22751677243
ii	1.6632516822	6	1.21160003997
pointers	1.65080239605	3	1.08265575881
immaterial	1.64881415054	3	1.08210455292
traverses	1.64635066053	5	1.18414641716
effect	1.64402355108	13	1.24239160624
attached	1.6410689957	9	1.23562361223
rate	1.63739058284	7	1.21960844333
unit	1.63691390101	7	1.21948992475
sent	1.62294727274	4	1.14004599915
instance	1.61986634742	11	1.23628957268
quickly	1.61940734114	5	1.1770414025
nature	1.60778366657	37	1.19584903615
been	1.60613040223	57	1.17024765869
involved	1.59969079946	4	1.1337402379
astronomy	1.59654533954	4	1.13288737775
conception	1.59519232884	11	1.23078636209
finally	1.58841350563	6	1.19243726766
by	1.58562673023	272	1.08858406151
reaching	1.58470671781	4	1.1296774533
transition	1.58456860009	3	1.06429361067
compelled	1.58320146267	3	1.063914596
without	1.5734527881	33	1.19698717447
concerned	1.56845394969	3	1.05982610894
joining	1.55890435518	3	1.05717865281
purely	1.55769851257	8	1.20966098117
later	1.53862397687	11	1.21816954606
dilemma	1.53853761358	3	1.05153233402
transmitted	1.52943545257	8	1.20283284927
travel	1.5226995097	4	1.11286481601
surfaces	1.51668136164	6	1.17406981397
proportional	1.51328138173	7	1.18875086775
free	1.51001287601	7	1.18793821114
found	1.50545468428	13	1.21293059611
had	1.49964336605	16	1.21063056654
marble	1.49658212454	14	1.21112211107
did	1.49303104936	7	1.18371597786
range	1.48661857777	3	1.03713869988
for	1.47713846099	232	1.08815941156
two	1.47648774503	92	1.1296370373
particles	1.47600725506	5	1.13922647335
down	1.4750381961	4	1.09994192522
process	1.47319021074	18	1.20340314998
imagine	1.46984569038	30	1.18542879614
most	1.46491421816	19	1.20062922457
coincidence	1.46487734156	3	1.03111132678
indicate	1.46434254378	4	1.09704190555
comes	1.46085180364	5	1.1352299463
attraction	1.45963937369	4	1.09576668779
absolute	1.45901797215	5	1.13474636077
expansion	1.45570084575	3	1.02856730567
strokes	1.45325658354	4	1.09403605777
executing	1.44012467774	3	1.02424908865
never	1.43503002601	5	1.12842068476
slightest	1.43008914093	3	1.02146691362
role	1.4200605962	3	1.01868667701
referred	1.41411907965	8	1.17497332509
escape	1.41168881562	3	1.01636574896
10	1.4111192858	6	1.14703999956
section	1.40651530218	55	1.14761773349
cloud	1.40507334573	6	1.14549189967
thought	1.40475842055	11	1.18831262007
juncture	1.4006676794	3	1.01331033393
measurement	1.39211996692	7	1.15862620751
degree	1.38304391426	3	1.00842445683
determined	1.3774152132	11	1.18221408255
frequently	1.37462160489	4	1.072714966
8a	1.37137975844	3	1.00519077599
above	1.37128668784	23	1.17861196979
difficult	1.36748924184	6	1.13586826026
ds2	1.3660678343	7	1.15214880178
physicist	1.3646729864	6	1.13514714086
due	1.36363658003	5	1.10959407052
moment	1.36284959245	4	1.06952310199
up	1.35867587301	22	1.1775545646
obtained	1.35234482934	23	1.17528144171
them	1.35025511072	13	1.17993374541
less	1.34939166797	15	1.18079426042
study	1.34816816332	3	0.998755771897
apply	1.34635278654	5	1.10503629483
measurements	1.34576720602	11	1.17515541687
correctly	1.34499947308	4	1.0646832198
standard	1.34380319331	5	1.1043639613
path	1.34308644202	6	1.12961977429
significance	1.34194414862	6	1.12932728309
to	1.33040630467	876	1.04288411398
explained	1.33035868894	3	0.993818410205
original	1.32933223252	8	1.15448949302
potential	1.32244017549	5	1.09873048486
gives	1.32031713298	3	0.991034566467
described	1.31778084704	7	1.1401430895
part	1.31224967754	38	1.15153669502
increasing	1.31112089052	4	1.05549737934
know	1.30498098619	9	1.15664858279
essential	1.29579967984	3	0.98423753634
problem	1.29464790587	14	1.16914232301
no	1.29318970636	55	1.13356571813
available	1.29269107553	5	1.09088557948
influence	1.26570222484	13	1.16195702751
words	1.26300792328	7	1.12652476291
iii	1.26086457505	5	1.08249285885
theories	1.25073813614	7	1.12347409558
specification	1.24680106626	9	1.14297728015
behaviour	1.24648708679	23	1.15666858049
may	1.24636981138	40	1.14012907879
things	1.2450180065	11	1.15268465236
contrast	1.24494075922	4	1.03755329546
only	1.24432050394	83	1.11084111186
became	1.23585286924	4	1.03508920455
neighbourhood	1.23073877222	4	1.03370256804
such	1.23051121352	70	1.11619974984
any	1.22870501008	34	1.14319944279
about	1.22828493968	23	1.15346811513
infinitely	1.22292902198	6	1.09885273283
observations	1.22151334742	7	1.11620786456
arbitrary	1.21882911771	9	1.13640434271
define	1.21214589305	3	0.961046003931
played	1.20826885048	3	0.959971162468
under	1.19978750313	20	1.15033102103
close	1.1970463966	3	0.956859935676
trajectory	1.1860694619	3	0.953816774732
derived	1.18431556496	12	1.14237978942
next	1.18170065046	6	1.08829595643
impossible	1.17924247704	8	1.11822899448
leads	1.1789031462	7	1.10561358555
cause	1.17543048063	7	1.10475016818
d	1.17440016923	3	0.950581669786
capable	1.1732115489	8	1.11677196991
flashes	1.16871960212	5	1.05819401971
diagram	1.16830565864	6	1.08486608695
short	1.16815165045	6	1.08482665221
laid	1.15767141476	7	1.100334688
reader	1.15660681382	14	1.14044517684
showed	1.14652352561	3	0.942853363528
either	1.14379888186	4	1.01012968212
understand	1.13733277993	5	1.04991724325
following	1.13395862367	46	1.11979415454
solution	1.13335710262	10	1.12295430077
produced	1.13280602674	8	1.10701031515
that	1.13206255874	375	1.0535144069
possible	1.13180540553	28	1.13317365187
logical	1.12919112381	6	1.07485057135
requires	1.12710740532	8	1.10563357326
appear	1.12625429805	11	1.12619599201
treatment	1.12442079207	5	1.04651232266
differs	1.11939923093	4	1.00351395963
sufficiently	1.11357616279	6	1.07085226518
why	1.11188456119	7	1.08895059011
maintain	1.1048471306	5	1.04135070357
22	1.10102463216	7	1.08625045927
suitable	1.09818073672	3	0.929451180575
26	1.09129454586	4	0.99589365401
taken	1.08682835913	7	1.08272080503
interval	1.08635036388	7	1.0826019599
corresponds	1.08611195602	11	1.1172427783
drop	1.08447693898	3	0.925652045094
circular	1.0802517594	7	1.08108564889
interpretation	1.07781122802	10	1.11024511883
therefore	1.0749669341	9	1.10259914924
expressed	1.07466513922	8	1.09296393629
more	1.07356304091	48	1.11046479159
further	1.07062026076	11	1.1137875624
fourth	1.06897302667	7	1.07828138986
left	1.06856331017	5	1.03178257752
kinetic	1.06516107294	3	0.920297062965
give	1.06011979714	9	1.09911032177
where	1.05974441808	15	1.12186326812
method	1.05820812522	13	1.11784188164
13	1.05483825459	3	0.917435244208
an	1.03576790439	123	1.07739432642
way	1.03513346427	30	1.11627689266
appears	1.03054075455	7	1.06872587962
masses	1.02880262913	9	1.09175131403
star	1.01184004773	7	1.06407627694
during	1.00464230467	15	1.11065231333
facts	0.998537030092	8	1.07457198688
accordance	0.9921198532	15	1.1081045229
account	0.990078274132	5	1.01108589484
both	0.989084620917	20	1.1113863036
whilst	0.984320256007	3	0.897885376682
experiments	0.970756257059	3	0.894124997944
plays	0.965106133289	9	1.07678370884
proceed	0.963756428728	10	1.08414879385
half	0.963661102498	4	0.961287116231
necessary	0.963228227659	8	1.06604165931
assign	0.957136046682	4	0.959517912293
correspond	0.95204969636	8	1.06334101451
great	0.951744590415	13	1.09520675912
ask	0.949839660144	9	1.07319634442
cannot	0.948879340337	24	1.10425833908
exist	0.937127835526	5	0.997122743635
constant	0.934911395355	18	1.1002370405
covers	0.926329363083	3	0.881808427576
after	0.923075780959	11	1.08087973507
show	0.922305932443	11	1.08070803063
placed	0.91689682283	7	1.04047030968
considerable	0.914385661768	4	0.947926570936
led	0.911495159975	11	1.07829683209
discussion	0.906037320355	11	1.0770795338
obvious	0.90602633991	4	0.945660024017
here	0.903226748963	29	1.0955795636
stand	0.894996916499	3	0.873122061085
my	0.894182219585	8	1.04936068953
electrostatics	0.884911947022	3	0.870326181718
extent	0.879474302256	8	1.04580737297
perpendicular	0.87689170608	4	0.937760458043
equipped	0.872186895131	3	0.866798386209
evident	0.868055766837	7	1.02832683794
passing	0.862762706464	6	1.00662994744
1916	0.859825132004	4	0.933133026353
dimensions	0.858397498109	6	1.00551220917
wish	0.856915912699	4	0.932344220495
individual	0.847068015505	9	1.04904673649
independent	0.845261201343	17	1.08180150248
choice	0.844467174539	7	1.02246194828
ourselves	0.841628501756	6	1.00121840521
standpoint	0.840706917064	4	0.927949312663
much	0.839783397758	6	1.00074595506
likewise	0.836895781072	6	1.00000656317
formal	0.834909885525	7	1.02008569603
certainly	0.830441033586	7	1.0189745944
almost	0.828057589121	4	0.924519573296
emitted	0.827476505862	10	1.05296724622
obviously	0.826592486533	4	0.924122325312
can	0.82414181337	129	1.05810972782
owing	0.823419700636	8	1.0322650243
assumptions	0.823209868593	5	0.967082316417
condition	0.816455441118	18	1.07753386216
move	0.81335564036	9	1.04112489535
separated	0.806428473447	3	0.848568027175
principles	0.805400442548	4	0.918376313518
similar	0.802504598706	9	1.03857508307
magnitude	0.796524168454	11	1.05265408665
front	0.792774555858	3	0.844782720084
note	0.7913997019	7	1.00926765218
walking	0.789701245246	6	0.987922113951
corner	0.788621343439	6	0.987645598496
accord	0.782803925685	3	0.842018539266
reach	0.782268293669	4	0.912104261593
what	0.780401433246	32	1.07559179827
reached	0.778417594197	5	0.955270491687
arise	0.777767835934	4	0.910884007274
preceding	0.776279814125	5	0.954706754215
lead	0.766965967394	3	0.837627745531
expresses	0.764758148239	3	0.83701566673
according	0.764675603699	64	1.06569820842
some	0.763091039908	12	1.05070093945
area	0.76233834008	7	1.0020420544
changes	0.761110057613	3	0.836004298145
always	0.758569600072	22	1.07032591903
practice	0.755387244071	7	1.00031378632
these	0.746827343461	98	1.05648839821
same	0.740536593223	77	1.05998339442
edge	0.739888137155	3	0.830120896149
1924	0.733718347136	3	0.828410431021
05	0.727509647513	4	0.897256999723
characterise	0.724954981752	4	0.89656432753
in	0.721912035896	774	1.02378472133
carefully	0.720310252258	3	0.824693273928
depend	0.717731567722	5	0.939267448352
and	0.717295390302	426	1.03073051702
many	0.703274437987	9	1.01525766429
instead	0.700522835664	8	1.00257411316
how	0.6955774974	23	1.05980269719
work	0.69213189155	4	0.887664673323
whatever	0.67795584128	4	0.883820978392
because	0.672955210682	20	1.05295534896
development	0.662584719087	12	1.0288258981
replaced	0.658107540793	4	0.878439309274
take	0.654914132383	16	1.04228338803
become	0.652247619107	5	0.921999182025
set	0.645785437264	7	0.973063219823
physically	0.645102391065	5	0.920114969124
rather	0.64442886214	9	1.00142994371
whereas	0.63829432317	6	0.949153446589
exists	0.634451505748	12	1.02270274882
last	0.632484829534	7	0.969756257046
formula	0.631090314121	4	0.871113857175
if	0.623833823025	131	1.0409803252
imaginary	0.610544616404	6	0.942047964644
earlier	0.61038066098	4	0.865498640857
opinion	0.606546749743	4	0.864459113986
go	0.601722588814	8	0.978704754483
newtonian	0.595029620984	5	0.906910665661
self	0.591857431517	4	0.860476251558
clearness	0.590094826005	5	0.905609348991
were	0.577631199421	34	1.04461062837
namely	0.576985236036	6	0.933454880282
21	0.576241296612	5	0.901956141752
transmission	0.562278131024	16	1.02382183984
difficulty	0.558450414268	15	1.01987109283
than	0.557409541101	35	1.04176633011
holds	0.55601949618	8	0.967663248562
calculation	0.554220226556	8	0.967228559244
total	0.552322135191	5	0.895648604432
constrained	0.551617906683	4	0.84956570492
manner	0.551053061399	41	1.04162596322
constancy	0.544040789367	6	0.925019253451
represented	0.542534682569	9	0.977486525309
carry	0.540369724923	3	0.774807946177
influenced	0.538717017623	4	0.846067757259
rectilinear	0.526327257741	4	0.842708397187
construct	0.519891997803	3	0.769130858619
terms	0.505539982403	6	0.915160886621
choose	0.498845938924	10	0.977774881434
learn	0.498426024047	4	0.835143255383
really	0.496891862759	4	0.83472728282
follows	0.488681668029	25	1.025632379
conclude	0.487599749801	4	0.83220781888
based	0.4852039973	9	0.964014778537
each	0.480247217647	36	1.03053327377
since	0.479566523832	28	1.02662041661
coordinate	0.475465186813	6	0.907460051479
gradually	0.465862375508	3	0.754152101714
increases	0.464958220905	4	0.82606879368
greatest	0.46120736184	5	0.871621431273
demands	0.458657067809	5	0.870948912931
replace	0.453452160767	6	0.901823481679
however	0.452820132385	26	1.02052927867
have	0.452537844707	111	1.02760698322
11a	0.446327829983	3	0.748736494566
propagated	0.443588478462	4	0.820274600718
single	0.442699220196	3	0.747730526699
strictly	0.441090549936	4	0.819597312261
performed	0.438760803806	4	0.818965624787
marked	0.426628629326	5	0.86250294079
well	0.423176976177	7	0.917715531242
formulated	0.420069839625	5	0.860773373014
object	0.418784128299	6	0.892946520174
23	0.417968674247	7	0.916420578337
there	0.398375269457	46	1.02138258274
got	0.394957160085	3	0.734494885171
angle	0.39088635411	6	0.885803124662
refers	0.38111576141	3	0.730657602266
start	0.378262432539	4	0.802562093583
constitute	0.375403399563	5	0.848994731085
simply	0.374281729565	8	0.923756840692
slightly	0.370098519276	4	0.80034852976
smaller	0.366358769832	4	0.799334533922
then	0.365522482786	94	1.01994567852
involves	0.364655519095	3	0.726094291294
latter	0.364248146317	23	1.00154538805
easily	0.363600728131	6	0.878816473438
admit	0.354252714939	6	0.876422857552
contrary	0.349772698952	4	0.794837385891
property	0.345199036196	6	0.8741046078
itself	0.337561579881	21	0.993146322461
iron	0.333252748702	3	0.717388428771
regards	0.333098780127	8	0.913807365638
maintained	0.329769812457	4	0.789413802315
regard	0.311278180693	21	0.988371158171
exactly	0.310079993123	21	0.98815347162
too	0.309258340313	7	0.889391660933
given	0.301570310982	25	0.993728184058
mollusc	0.295573040991	7	0.885989051341
guided	0.294343917603	3	0.706601643712
possessing	0.291930249846	5	0.826982671475
thing	0.289690896096	3	0.705311675819
result	0.283793722166	48	1.00668111913
definite	0.280076403554	13	0.95240395127
depends	0.279581097363	3	0.70250891298
require	0.278024697182	11	0.937009698639
steam	0.273306499791	3	0.700769391811
outwards	0.268223178726	5	0.82073106285
discussed	0.259076385095	5	0.818319032547
not	0.257786491891	154	1.01037592806
similarly	0.255071759844	4	0.769160168849
termed	0.253884499134	3	0.695384985737
cf	0.249559181064	6	0.849615438617
e	0.241800325677	53	1.00268540542
brought	0.235022654937	4	0.76372405361
fall	0.233761093317	4	0.763381993734
taking	0.231803594933	8	0.889335249581
allow	0.226185540922	3	0.687705939615
lie	0.216716980588	5	0.807148761145
main	0.214738226779	4	0.758224132814
again	0.214629027807	10	0.912744589641
relatively	0.203883834167	14	0.942385090574
hand	0.198543201332	15	0.946645162995
examination	0.194647659007	5	0.801329030803
properties	0.189410752293	8	0.879093473893
necessarily	0.188007550548	10	0.906653458655
approximation	0.181955944146	4	0.749335543174
do	0.181233636166	15	0.943123396943
be	0.167237364359	282	1.00445110895
common	0.158874243999	5	0.791895499826
distances	0.146755105419	7	0.848988082406
stated	0.132105607247	7	0.845345741685
regarded	0.129497369654	14	0.926921005112
knowledge	0.128385790726	6	0.818588251756
foregoing	0.126692889744	3	0.660123362269
ther	0.124661854105	12	0.911747839491
recent	0.111222239139	3	0.655834398091
designate	0.104775827449	3	0.654047244498
validity	0.104114838441	14	0.921644270501
own	0.103548073807	7	0.838245411986
gauss	0.102949897522	14	0.92140209276
25	0.101701681128	5	0.776818964841
assume	0.101312051891	9	0.873806628189
convinced	0.0997190261627	3	0.652645335805
used	0.0984352807984	13	0.913785385053
coincide	0.0956987957915	3	0.651530798059
drawn	0.0919490595744	4	0.724931072297
lies	0.0868748733261	7	0.834099913188
like	0.0864749317716	8	0.85422499331
2t	0.0831079747897	4	0.722533900157
idea	0.0811807542432	11	0.893106283927
stage	0.0765615637551	3	0.646225339047
conditions	0.0745191546107	7	0.831027880488
hitherto	0.0736170280082	8	0.851118625395
circumstance	0.0711238187825	4	0.719284515539
justified	0.0651490113742	8	0.849072819512
ds	0.0599734305971	3	0.641626572601
experiences	0.0581688420083	4	0.715771902532
correctness	0.0420086173884	3	0.636646145967
but	0.0408294930446	113	0.99051092459
valid	0.0312292084835	9	0.857338338738
y2	0.00911954321739	3	0.627528232017
z2	0.00911954321739	3	0.627528232017
application	0.00735097504033	7	0.814327690984
perfectly	0.00548582578164	5	0.751446624747
tube	0.00517412016827	6	0.787039150793
1919	0.00503221321875	4	0.701364434527
aided	0	1	0
limited	0	1	0
similarity	0	1	0
comparatively	0	1	0
preface	0	2	0
consists	0	1	0
relationships	0	1	0
calculate	0	2	0
electricity	0	1	0
moduate	0	1	0
characterised	0	1	0
hueristic	0	1	0
performs	0	1	0
rise	0	1	0
petascale	0	1	0
replaces	0	1	0
disturb	0	1	0
investigator	0	1	0
conceive	0	1	0
impenetrability	0	1	0
solid	0	1	0
convenience	0	1	0
venus	0	1	0
clothes	0	1	0
favoured	0	1	0
veritable	0	1	0
compasses	0	1	0
29th	0	2	0
consistent	0	2	0
10a	0	2	0
horn	0	1	0
surrounding	0	2	0
estimated	0	2	0
refrained	0	1	0
established	0	2	0
incompatible	0	1	0
selected	0	1	0
contributed	0	1	0
resuits	0	1	0
ever	0	1	0
told	0	1	0
maintains	0	1	0
refinement	0	2	0
governing	0	1	0
shortness	0	1	0
suitably	0	2	0
rests	0	1	0
changed	0	2	0
approaches	0	2	0
measuringrods	0	1	0
permit	0	1	0
settled	0	1	0
mutual	0	1	0
divide	0	1	0
erected	0	1	0
patience	0	2	0
darwinian	0	1	0
glance	0	1	0
opponents	0	1	0
slovenliness	0	1	0
substitutions	0	1	0
discrepancies	0	1	0
strike	0	2	0
type	0	1	0
successful	0	1	0
05a	0	1	0
05b	0	1	0
meteorologist	0	1	0
berlin	0	2	0
correspondingly	0	1	0
excellent	0	1	0
90	0	1	0
circumstances	0	1	0
springer	0	1	0
word	0	2	0
permits	0	2	0
pursue	0	1	0
suggestive	0	1	0
tinder	0	1	0
elegantly	0	1	0
cottingham	0	1	0
indicates	0	2	0
want	0	1	0
iaws	0	1	0
advancing	0	1	0
turn	0	1	0
feature	0	1	0
ordinary	0	1	0
fourdimensional	0	2	0
abstraction	0	1	0
beauty	0	1	0
arcs	0	1	0
reconciled	0	1	0
astoundingly	0	1	0
hereupon	0	1	0
lay	0	1	0
destined	0	1	0
purchase	0	1	0
third	0	1	0
worldsphere	0	2	0
attracts	0	1	0
appreciate	0	2	0
eq48	0	1	0
enter	0	1	0
eq46	0	1	0
eq47	0	1	0
eq44	0	1	0
eq45	0	1	0
eq42	0	1	0
eq40	0	1	0
eq41	0	1	0
operations	0	2	0
eq05a	0	1	0
eq05b	0	1	0
vary	0	1	0
canservation	0	1	0
london	0	1	0
fit	0	1	0
fix	0	1	0
exhibits	0	2	0
writing	0	1	0
better	0	1	0
differently	0	1	0
overcome	0	1	0
harmony	0	1	0
differeace	0	1	0
combination	0	1	0
thee	0	1	0
school	0	2	0
2p2r3	0	1	0
classified	0	1	0
bonn	0	1	0
lofty	0	1	0
series	0	2	0
approrimately	0	1	0
rt	0	2	0
precisely	0	1	0
crucial	0	1	0
re	0	1	0
independence	0	1	0
foundation	0	2	0
linear	0	2	0
admits	0	1	0
struggle	0	1	0
enlightened	0	1	0
nebulae	0	2	0
starts	0	1	0
days	0	1	0
caprice	0	1	0
appeals	0	1	0
06a	0	1	0
methuen	0	1	0
philosophical	0	1	0
radiate	0	1	0
eq15	0	1	0
pardonable	0	1	0
approximately	0	2	0
rates	0	2	0
crystallised	0	1	0
legs	0	1	0
genesis	0	1	0
ceiling	0	1	0
albert	0	1	0
took	0	2	0
task	0	2	0
relatvity	0	1	0
tithe	0	1	0
begins	0	1	0
anxiety	0	1	0
scenes	0	1	0
classes	0	1	0
flame	0	1	0
speaking	0	2	0
feeling	0	2	0
solely	0	1	0
fashion	0	2	0
modern	0	1	0
spectrum	0	2	0
seem	0	1	0
seek	0	1	0
tells	0	1	0
contents	0	1	0
ponder	0	1	0
emptiness	0	1	0
thoroughly	0	2	0
isolated	0	2	0
elegance	0	2	0
absorbed	0	1	0
forces	0	2	0
explanation	0	1	0
davidson	0	1	0
circles	0	1	0
committing	0	1	0
metrics	0	1	0
extending	0	1	0
boltzmann	0	1	0
involving	0	2	0
retaining	0	1	0
grave	0	1	0
prevails	0	1	0
rotary	0	2	0
deeply	0	1	0
molluscs	0	1	0
saying	0	2	0
random	0	1	0
tacitly	0	2	0
table01	0	1	0
resemblance	0	1	0
alluded	0	1	0
ellipsoid	0	1	0
undoubtedly	0	1	0
explain	0	1	0
matters	0	1	0
stiii	0	1	0
borrowed	0	1	0
de	0	1	0
perceive	0	1	0
preferred	0	1	0
yielded	0	1	0
dz	0	1	0
dv	0	2	0
dt	0	1	0
du	0	2	0
platz	0	1	0
societies	0	2	0
suggested	0	2	0
traversed	0	2	0
analytical	0	2	0
explanations	0	1	0
thanks	0	1	0
wt1	0	2	0
traverse	0	1	0
decides	0	1	0
fair	0	1	0
observes	0	1	0
testing	0	2	0
alterations	0	1	0
decided	0	2	0
disturbing	0	1	0
02	0	2	0
07	0	2	0
09	0	2	0
continually	0	1	0
catalogue	0	1	0
discovers	0	1	0
simplest	0	2	0
360	0	1	0
discovery	0	2	0
preserve	0	1	0
extend	0	1	0
weak	0	1	0
ltd	0	1	0
wr	0	1	0
preseat	0	1	0
ifine	0	1	0
faced	0	2	0
irregular	0	1	0
disdain	0	1	0
conclusions	0	2	0
heating	0	1	0
exceeds	0	1	0
uni	0	1	0
pursuit	0	1	0
pre	0	1	0
vain	0	1	0
height	0	1	0
applicability	0	1	0
grazing	0	1	0
recognises	0	1	0
asks	0	1	0
interest	0	2	0
expected	0	2	0
incomparably	0	2	0
entered	0	1	0
life	0	1	0
freundlich	0	1	0
discard	0	1	0
child	0	2	0
applied	0	2	0
exception	0	2	0
save	0	1	0
n	0	1	0
employ	0	1	0
near	0	2	0
teachers	0	1	0
tions	0	1	0
iv	0	1	0
brake	0	1	0
grown	0	1	0
matriculation	0	1	0
perform	0	1	0
suggest	0	2	0
crommelin	0	1	0
complex	0	1	0
descend	0	1	0
dials	0	1	0
incorrectness	0	1	0
grows	0	1	0
entitled	0	1	0
nil	0	1	0
unlimited	0	1	0
hang	0	1	0
speakers	0	1	0
undaunted	0	1	0
hastening	0	1	0
characters	0	1	0
supposing	0	2	0
thoughts	0	1	0
possessed	0	2	0
aiso	0	1	0
ocean	0	1	0
claims	0	1	0
possesses	0	2	0
departed	0	1	0
appropriately	0	1	0
displacentent	0	1	0
yes	0	1	0
adding	0	1	0
terrestrially	0	1	0
transformed	0	2	0
easy	0	1	0
photographed	0	1	0
advances	0	2	0
disagreement	0	1	0
unequivocally	0	1	0
possibly	0	1	0
unification	0	1	0
afore	0	1	0
riemman	0	1	0
unfounded	0	1	0
desire	0	1	0
psychological	0	1	0
tangentially	0	1	0
visible	0	1	0
zeal	0	1	0
contradict	0	1	0
organpipe	0	1	0
specific	0	1	0
www	0	1	0
people	0	1	0
sends	0	1	0
successfully	0	1	0
proportionally	0	1	0
paragraphs	0	1	0
unless	0	2	0
indirect	0	1	0
intellect	0	2	0
friend	0	2	0
unavoidable	0	1	0
everything	0	1	0
asking	0	1	0
periphery	0	1	0
readily	0	2	0
incidence	0	1	0
speical	0	2	0
translated	0	1	0
emits	0	2	0
zur	0	1	0
limitation	0	2	0
translatory	0	1	0
months	0	1	0
o	0	1	0
constituting	0	2	0
trustworthy	0	1	0
ensure	0	2	0
efforts	0	1	0
raised	0	1	0
formerly	0	1	0
amounted	0	1	0
intellectual	0	1	0
slurs	0	1	0
errs	0	1	0
substituting	0	1	0
support	0	2	0
initial	0	2	0
avail	0	1	0
resulted	0	1	0
war	0	2	0
purposely	0	2	0
happy	0	1	0
medium	0	2	0
offer	0	1	0
attempted	0	1	0
becoming	0	1	0
conclusively	0	1	0
heat	0	1	0
satisfactorily	0	1	0
astonished	0	2	0
evinced	0	1	0
inside	0	2	0
postitlate	0	1	0
lays	0	1	0
stages	0	1	0
proud	0	1	0
proved	0	2	0
inclusive	0	1	0
proven	0	1	0
cobbler	0	1	0
signification	0	1	0
portrayed	0	1	0
constructed	0	2	0
pipe	0	1	0
marking	0	1	0
concervation	0	1	0
tip	0	1	0
vanishes	0	2	0
interested	0	1	0
picture	0	1	0
variably	0	1	0
convincing	0	1	0
dense	0	2	0
supposse	0	1	0
warn	0	1	0
abscissa	0	2	0
withhold	0	1	0
serious	0	2	0
quantity	0	1	0
concept	0	2	0
customary	0	1	0
remarkable	0	1	0
supplement	0	1	0
unlinlited	0	1	0
tenable	0	1	0
retention	0	1	0
devoted	0	1	0
inverse	0	1	0
ordinales	0	1	0
flash	0	2	0
compensate	0	1	0
marks	0	1	0
discovering	0	1	0
division	0	1	0
unfamiliar	0	1	0
untenable	0	1	0
dy2	0	2	0
riemann	0	2	0
presented	0	1	0
altering	0	1	0
die	0	1	0
solved	0	2	0
perceives	0	2	0
attracting	0	1	0
fig03	0	1	0
distasteful	0	1	0
fig01	0	1	0
says	0	1	0
occurrence	0	2	0
plunged	0	1	0
htm	0	1	0
discover	0	1	0
sign	0	1	0
cost	0	1	0
substitute	0	2	0
heaviness	0	1	0
contracted	0	1	0
520	0	1	0
understanding	0	1	0
water	0	1	0
entertain	0	1	0
alone	0	1	0
schooldays	0	1	0
teaches	0	2	0
wait	0	1	0
thirty	0	1	0
brilliant	0	2	0
shift	0	2	0
studied	0	1	0
wherever	0	1	0
love	0	1	0
leverrier	0	2	0
merely	0	1	0
withal	0	1	0
logically	0	2	0
translational	0	1	0
surmount	0	2	0
opposes	0	1	0
conformably	0	1	0
working	0	1	0
predictions	0	1	0
live	0	2	0
going	0	1	0
opposed	0	2	0
conformable	0	2	0
dudv	0	1	0
introducing	0	2	0
refrain	0	1	0
commissioned	0	1	0
thenceforward	0	1	0
emitting	0	2	0
julius	0	1	0
modified	0	2	0
foci	0	1	0
printing	0	1	0
renders	0	2	0
believed	0	1	0
umlaut	0	1	0
attain	0	1	0
predict	0	1	0
samply	0	1	0
confused	0	1	0
dropped	0	1	0
allowed	0	1	0
intelligible	0	2	0
innumerable	0	1	0
criterion	0	1	0
pure	0	2	0
displacements	0	2	0
undertook	0	1	0
suffer	0	2	0
deviated	0	1	0
staircase	0	1	0
needs	0	1	0
dx1	0	2	0
convincingly	0	1	0
produce	0	1	0
remember	0	1	0
sq	0	2	0
st	0	1	0
tailor	0	1	0
representation	0	1	0
pulled	0	1	0
exclusive	0	1	0
pointed	0	2	0
primitive	0	1	0
constituted	0	1	0
derive	0	2	0
group	0	1	0
acknowledge	0	1	0
interesting	0	1	0
presence	0	1	0
vicinity	0	1	0
window	0	2	0
spacious	0	1	0
constitutes	0	1	0
ours	0	2	0
correspondence	0	1	0
prime	0	2	0
sacred	0	1	0
views	0	1	0
discuss	0	2	0
occult	0	1	0
name	0	1	0
possibilities	0	1	0
realise	0	1	0
entirely	0	2	0
simplicity	0	2	0
revised	0	1	0
snapshots	0	1	0
manifests	0	2	0
happen	0	2	0
interference	0	1	0
attracted	0	2	0
emerged	0	1	0
dutch	0	1	0
contain	0	1	0
electrified	0	1	0
complicated	0	2	0
ore	0	1	0
inevitable	0	1	0
potsdamer	0	1	0
british	0	1	0
principe	0	1	0
deceived	0	1	0
intuition	0	1	0
flying	0	2	0
symmetry	0	1	0
conscientiously	0	1	0
simplified	0	1	0
fast	0	1	0
unattainable	0	1	0
open	0	1	0
angular	0	2	0
affords	0	1	0
anyone	0	2	0
twenties	0	1	0
convention	0	1	0
frame	0	1	0
giver	0	1	0
galfleian	0	1	0
releases	0	1	0
schwarzschild	0	1	0
continuous	0	1	0
accurately	0	1	0
expanse	0	1	0
absorbs	0	2	0
photographic	0	1	0
specify	0	1	0
16	0	2	0
19	0	2	0
transferred	0	1	0
theend	0	1	0
venture	0	1	0
janitor	0	1	0
published	0	1	0
generality	0	1	0
remained	0	2	0
pro	0	1	0
occupies	0	1	0
invalidates	0	1	0
occupied	0	1	0
transcriber	0	1	0
wanderer	0	1	0
transcription	0	2	0
answering	0	1	0
downwards	0	1	0
tranfalgar	0	1	0
fictitious	0	1	0
online	0	1	0
resembling	0	1	0
begin	0	1	0
sure	0	2	0
altered	0	1	0
opposite	0	1	0
analyse	0	2	0
knew	0	1	0
clearer	0	1	0
falls	0	1	0
zeeman	0	1	0
successive	0	1	0
pair	0	1	0
radioactive	0	1	0
especially	0	2	0
surprising	0	1	0
eq43	0	1	0
axe	0	1	0
conveys	0	1	0
accented	0	2	0
trom	0	1	0
dy1	0	2	0
spaces	0	1	0
fifth	0	1	0
naturwissenschaften	0	1	0
enough	0	2	0
wood	0	1	0
parabolic	0	1	0
helmholtz	0	2	0
get	0	2	0
designated	0	2	0
unimportant	0	1	0
nearly	0	1	0
lucidity	0	2	0
closure	0	1	0
regarding	0	1	0
settings	0	1	0
yield	0	2	0
predicted	0	2	0
discussing	0	1	0
vision	0	1	0
attenuated	0	1	0
comparable	0	1	0
rernark	0	1	0
euclid	0	1	0
aroused	0	1	0
violates	0	1	0
wonder	0	2	0
detect	0	1	0
ways	0	1	0
subsequent	0	1	0
colours	0	2	0
thinkable	0	2	0
reading	0	1	0
across	0	1	0
vertical	0	1	0
aberration	0	1	0
originated	0	1	0
ascribed	0	1	0
tacit	0	1	0
disdainful	0	1	0
reaction	0	1	0
attaches	0	1	0
region	0	2	0
iines	0	1	0
yearly	0	1	0
among	0	1	0
28	0	2	0
ct1	0	1	0
assertions	0	1	0
considering	0	1	0
sensible	0	2	0
millimetre	0	1	0
stretch	0	1	0
west	0	1	0
mark	0	2	0
attaching	0	1	0
combined	0	2	0
sensibly	0	1	0
enable	0	1	0
robbed	0	1	0
readings	0	1	0
observers	0	2	0
observa	0	1	0
scrupulously	0	1	0
spirit	0	1	0
granted	0	2	0
myself	0	2	0
pretence	0	1	0
cast	0	2	0
proves	0	1	0
awakened	0	1	0
eventually	0	1	0
dimensial	0	1	0
everyday	0	1	0
develop	0	1	0
author	0	1	0
inquire	0	2	0
freewill	0	1	0
perpetually	0	1	0
tour	0	1	0
poincar	0	1	0
epoch	0	1	0
html	0	1	0
arguments	0	2	0
visually	0	1	0
pedantic	0	1	0
extended	0	2	0
closest	0	1	0
companion	0	1	0
devoid	0	1	0
changing	0	2	0
implements	0	1	0
vantage	0	1	0
markup	0	1	0
components	0	2	0
otherwise	0	2	0
adjustments	0	1	0
cease	0	1	0
touch	0	1	0
heuristic	0	2	0
legitimately	0	1	0
thinking	0	1	0
obtaill	0	1	0
simulatneity	0	1	0
struck	0	1	0
around	0	2	0
docks	0	1	0
hypothese	0	1	0
handling	0	1	0
dark	0	1	0
gravitationial	0	1	0
styled	0	1	0
accepted	0	1	0
vague	0	2	0
dare	0	1	0
vertically	0	1	0
acquainted	0	1	0
adams	0	2	0
particle	0	1	0
indisputable	0	1	0
discarded	0	1	0
downward	0	1	0
stationary	0	1	0
fulfil	0	1	0
pronounce	0	1	0
cathode	0	1	0
astronomer	0	2	0
pursuance	0	1	0
images	0	1	0
root	0	2	0
reasons	0	2	0
recorded	0	1	0
refrangible	0	1	0
dz1	0	2	0
dz2	0	2	0
inhabited	0	1	0
litttle	0	1	0
reasonable	0	1	0
business	0	1	0
notable	0	1	0
inherent	0	1	0
theorems	0	1	0
mutually	0	1	0
gregory	0	1	0
ot	0	1	0
unbounded	0	2	0
numerically	0	2	0
pivot	0	1	0
shortening	0	2	0
your	0	2	0
theoretically	0	2	0
intervention	0	1	0
prepare	0	1	0
removing	0	1	0
strict	0	1	0
detectable	0	1	0
decisive	0	1	0
assumes	0	2	0
tight	0	1	0
recognsed	0	1	0
motherly	0	1	0
amongst	0	2	0
happening	0	1	0
perpendicularly	0	2	0
applying	0	1	0
appendixes	0	1	0
vice	0	1	0
quantitatively	0	1	0
grasp	0	1	0
visional	0	1	0
agree	0	1	0
gone	0	1	0
ad	0	1	0
deep	0	1	0
ax	0	1	0
fill	0	1	0
gbnewby	0	1	0
designating	0	1	0
erecting	0	1	0
supplementing	0	1	0
remarks	0	1	0
spatial	0	1	0
mathematics	0	1	0
seeliger	0	2	0
separate	0	1	0
symbol	0	1	0
remarked	0	1	0
inaccuracy	0	1	0
recognise	0	2	0
fasten	0	1	0
unanswerable	0	1	0
building	0	1	0
accelertion	0	1	0
calls	0	1	0
doubted	0	2	0
external	0	1	0
externally	0	1	0
pointing	0	1	0
caused	0	1	0
invariable	0	1	0
founded	0	2	0
thoughtful	0	1	0
follow	0	1	0
expressions	0	1	0
content	0	1	0
equivalence	0	2	0
ts	0	1	0
extraneous	0	1	0
former	0	1	0
smile	0	1	0
paying	0	1	0
returning	0	1	0
plausibility	0	1	0
interpreting	0	1	0
decide	0	2	0
revolving	0	1	0
morley	0	2	0
accompanying	0	2	0
stimulus	0	1	0
applicable	0	1	0
adjust	0	1	0
withheld	0	1	0
prominence	0	1	0
unheard	0	1	0
past	0	1	0
conscience	0	1	0
advantageous	0	1	0
brief	0	1	0
intersect	0	1	0
full	0	2	0
compilation	0	1	0
modify	0	1	0
hours	0	2	0
operating	0	1	0
situation	0	2	0
epitome	0	1	0
arena	0	1	0
publisher	0	2	0
search	0	1	0
ahead	0	1	0
identifiable	0	1	0
allows	0	1	0
periodic	0	1	0
realtiivty	0	1	0
quotient	0	1	0
uniquely	0	1	0
invalidate	0	1	0
thankfully	0	1	0
requiring	0	1	0
africa	0	1	0
viz	0	2	0
establish	0	2	0
detecting	0	2	0
eddington	0	2	0
dimishes	0	1	0
eye	0	1	0
uniformity	0	1	0
contains	0	1	0
sitter	0	1	0
mysterious	0	1	0
dissatisfied	0	1	0
knows	0	2	0
substances	0	1	0
presumes	0	1	0
corrected	0	1	0
emission	0	2	0
impulse	0	1	0
rectilinearly	0	1	0
der	0	1	0
evolved	0	1	0
abandon	0	1	0
pick	0	1	0
beautiful	0	1	0
ions	0	1	0
compare	0	1	0
accept	0	1	0
4pr2	0	2	0
shaill	0	1	0
species	0	1	0
pernumently	0	1	0
information	0	1	0
respective	0	1	0
goal	0	1	0
reject	0	1	0
explains	0	1	0
epitomised	0	1	0
galactic	0	2	0
intended	0	1	0
variant	0	1	0
interior	0	1	0
waves	0	1	0
ordlnates	0	1	0
negligibly	0	1	0
realily	0	1	0
infiniteness	0	1	0
pans	0	2	0
help	0	1	0
essence	0	1	0
soon	0	2	0
held	0	1	0
paper	0	1	0
committee	0	1	0
hundredth	0	1	0
rapidly	0	1	0
energies	0	1	0
reluctance	0	1	0
29	0	2	0
detected	0	1	0
shuddering	0	1	0
good	0	2	0
undergone	0	1	0
measaring	0	1	0
detour	0	1	0
prejudices	0	1	0
permissible	0	1	0
foot	0	1	0
suffice	0	2	0
association	0	1	0
2p	0	1	0
basgen	0	1	0
hook	0	2	0
fully	0	1	0
intermediary	0	2	0
2g	0	2	0
radial	0	2	0
repeating	0	1	0
investigators	0	1	0
everyone	0	1	0
weight	0	1	0
noble	0	1	0
engaging	0	1	0
http	0	1	0
operation	0	1	0
beyond	0	1	0
robert	0	1	0
projected	0	1	0
adhere	0	2	0
acting	0	1	0
occurs	0	1	0
appertaining	0	1	0
relativit	0	1	0
expansive	0	1	0
doppler	0	2	0
base	0	1	0
put	0	1	0
beginning	0	2	0
bring	0	1	0
english	0	1	0
perceptible	0	2	0
indebted	0	1	0
embraces	0	1	0
probability	0	1	0
done	0	2	0
defects	0	1	0
slower	0	1	0
contended	0	2	0
passes	0	1	0
unexplained	0	1	0
obtainable	0	2	0
leading	0	1	0
swarm	0	1	0
calculations	0	1	0
dealing	0	1	0
passed	0	1	0
excels	0	2	0
measurable	0	1	0
basal	0	1	0
2dt1	0	1	0
differentiate	0	1	0
believe	0	2	0
john	0	1	0
aims	0	1	0
declare	0	1	0
milky	0	1	0
deciding	0	1	0
7b	0	1	0
7a	0	1	0
alongside	0	2	0
defect	0	2	0
pedestrian	0	1	0
alike	0	1	0
built	0	2	0
lib	0	1	0
build	0	1	0
analogy	0	2	0
uniting	0	1	0
province	0	1	0
play	0	1	0
bands	0	1	0
immediate	0	2	0
stands	0	1	0
km	0	1	0
optical	0	2	0
lying	0	1	0
postule	0	1	0
celebrated	0	1	0
phenomenon	0	1	0
eq24	0	1	0
eq26	0	1	0
eq27	0	1	0
eq20	0	1	0
eq21	0	1	0
eq22	0	2	0
netwon	0	1	0
heavens	0	1	0
impact	0	1	0
copyright	0	1	0
distributed	0	1	0
assertion	0	2	0
factor	0	2	0
permission	0	1	0
trees	0	1	0
remedy	0	1	0
valuable	0	1	0
compass	0	1	0
adhered	0	1	0
deductive	0	1	0
laterally	0	1	0
resolve	0	1	0
disregarding	0	1	0
remove	0	1	0
investigate	0	2	0
double	0	1	0
obscure	0	1	0
locating	0	1	0
signify	0	1	0
achieved	0	1	0
throwing	0	1	0
plausible	0	1	0
irregularly	0	1	0
sec	0	1	0
curvilinear	0	1	0
probable	0	2	0
incompatibility	0	2	0
premises	0	1	0
opposition	0	1	0
distinguish	0	1	0
relying	0	1	0
enables	0	2	0
fitted	0	1	0
objective	0	1	0
retarded	0	1	0
finds	0	2	0
arbitrarily	0	2	0
unsuccessful	0	1	0
faraday	0	2	0
simpler	0	1	0
pr	0	1	0
pp	0	1	0
raise	0	1	0
acceptance	0	1	0
incompatability	0	1	0
whom	0	2	0
describes	0	2	0
ensured	0	1	0
maintenance	0	1	0
anisotropic	0	1	0
combine	0	1	0
versa	0	1	0
remark	0	1	0
vaguely	0	1	0
systematic	0	2	0
poised	0	1	0
k2	0	1	0
theref	0	1	0
receive	0	1	0
du2	0	2	0
curvilinearly	0	1	0
exclude	0	1	0
shortened	0	2	0
guilty	0	1	0
lodged	0	1	0
ready	0	1	0
rid	0	1	0
vanish	0	1	0
fairer	0	1	0
examine	0	2	0
grant	0	2	0
belong	0	1	0
satisfying	0	1	0
shorter	0	2	0
read	0	1	0
expeditions	0	2	0
assignment	0	1	0
viewing	0	1	0
000	0	1	0
appreciable	0	1	0
incompatibilitiy	0	1	0
early	0	1	0
motionless	0	1	0
older	0	1	0
analysis	0	1	0
person	0	2	0
grossly	0	1	0
endeavour	0	1	0
vacuum	0	2	0
incongruity	0	1	0
shape	0	1	0
questions	0	1	0
regardless	0	1	0
tables	0	1	0
cut	0	1	0
readers	0	2	0
surprises	0	1	0
extra	0	1	0
entirety	0	1	0
exclusively	0	2	0
source	0	2	0
location	0	1	0
impoverished	0	1	0
surprised	0	2	0
eq39	0	1	0
eq38	0	1	0
eq37	0	1	0
eq36	0	1	0
eq35	0	1	0
eq34	0	1	0
eq33	0	1	0
eq32	0	1	0
eq31	0	1	0
eq30	0	1	0
suffering	0	2	0
appendices	0	1	0
overthrown	0	2	0
rotate	0	2	0
imposed	0	1	0
semi	0	1	0
systematically	0	2	0
incidental	0	2	0
manifest	0	1	0
millionths	0	1	0
popular	0	1	0
disorder	0	1	0
brakes	0	2	0
absolutely	0	2	0
magnificent	0	1	0
back	0	1	0
understood	0	1	0
serves	0	2	0
sight	0	1	0
mirror	0	2	0
momentary	0	1	0
pronounced	0	1	0
acquaintance	0	2	0
affects	0	1	0
connecting	0	1	0
eliminate	0	1	0
newcomb	0	1	0
inserting	0	1	0
run	0	2	0
bc	0	1	0
300	0	1	0
jumps	0	2	0
annular	0	1	0
forming	0	1	0
conversant	0	1	0
nowhere	0	1	0
uncounted	0	1	0
major	0	2	0
translator	0	1	0
flow	0	1	0
pains	0	1	0
charm	0	1	0
consequently	0	1	0
plan	0	2	0
seeing	0	1	0
within	0	2	0
colour	0	2	0
appropriate	0	1	0
conscientious	0	1	0
realisation	0	2	0
sequence	0	1	0
manifested	0	1	0
forward	0	2	0
conceivable	0	2	0
mach	0	1	0
strives	0	2	0
perplexing	0	1	0
governs	0	1	0
tally	0	1	0
neutralised	0	1	0
repeatedly	0	1	0
russian	0	1	0
etfect	0	1	0
directed	0	2	0
consist	0	1	0
characteristic	0	2	0
transmits	0	1	0
accustomed	0	2	0
mature	0	1	0
calculated	0	1	0
precept	0	1	0
duration	0	2	0
home	0	1	0
1895	0	1	0
amounts	0	2	0
invalid	0	2	0
definitely	0	2	0
unjustifiable	0	1	0
confine	0	1	0
deviate	0	1	0
dv2	0	2	0
1859	0	1	0
enterprise	0	2	0
problems	0	1	0
spatially	0	1	0
develops	0	1	0
purponse	0	1	0
sides	0	2	0
land	0	1	0
implies	0	1	0
rescued	0	1	0
speculations	0	2	0
notion	0	2	0
departs	0	1	0
correlates	0	1	0
incomplete	0	2	0
retardation	0	2	0
having	0	2	0
resistance	0	1	0
existing	0	1	0
eq28	0	1	0
manipulations	0	1	0
misconception	0	1	0
inferences	0	2	0
eq29	0	1	0
disposal	0	2	0
grasping	0	1	0
differing	0	2	0
include	0	2	0
indicating	0	1	0
seized	0	1	0
outside	0	2	0
scattered	0	1	0
wave	0	1	0
tenet	0	1	0
continued	0	1	0
eq23	0	1	0
radii	0	1	0
deals	0	2	0
dealt	0	1	0
optics	0	2	0
noted	0	1	0
concluded	0	1	0
limitations	0	1	0
eq08	0	1	0
eq09	0	1	0
eq02	0	1	0
eq03	0	1	0
eq01	0	1	0
eq07	0	1	0
eq04	0	1	0
eq05	0	1	0
subtle	0	2	0
scientific	0	2	0
index	0	2	0
power	0	2	0
apparatus	0	2	0
giving	0	1	0
saw	0	1	0
analogously	0	2	0
hereditary	0	1	0
access	0	2	0
flowing	0	1	0
sins	0	2	0
fifteenth	0	1	0
invented	0	1	0
imperfections	0	1	0
deduced	0	1	0
39	0	1	0
38	0	1	0
spite	0	2	0
33	0	1	0
31	0	2	0
larger	0	2	0
37	0	1	0
36	0	1	0
35	0	2	0
34	0	1	0
suggests	0	2	0
repel	0	1	0
makes	0	2	0
composed	0	1	0
examining	0	1	0
nearest	0	1	0
improbable	0	1	0
wit	0	1	0
formulates	0	1	0
names	0	1	0
newby	0	1	0
ascertained	0	1	0
exciting	0	1	0
hears	0	1	0
remains	0	1	0
fittingly	0	1	0
depicted	0	1	0
expanding	0	2	0
bottomless	0	1	0
possession	0	1	0
formally	0	1	0
started	0	1	0
occurred	0	2	0
meant	0	1	0
eccentricity	0	1	0
electrodynamic	0	1	0
anywhere	0	1	0
island	0	2	0
proof	0	1	0
continuity	0	1	0
high	0	2	0
effectively	0	1	0
pulling	0	1	0
sought	0	1	0
wonderful	0	1	0
united	0	1	0
distinguishable	0	1	0
justifiable	0	2	0
regions	0	1	0
brian	0	2	0
varies	0	2	0
numerous	0	1	0
forest	0	1	0
especial	0	1	0
singular	0	1	0
specifications	0	1	0
tied	0	1	0
x1and	0	1	0
disproved	0	1	0
footpath	0	2	0
realized	0	1	0
2dt2	0	2	0
counter	0	2	0
element	0	2	0
honestly	0	1	0
diminution	0	1	0
divided	0	1	0
furnish	0	1	0
perihelial	0	1	0
dy	0	1	0
outset	0	2	0
mathematicians	0	2	0
enclose	0	1	0
bachem	0	1	0
operative	0	1	0
gravititional	0	1	0
outer	0	1	0
thence	0	1	0
permanent	0	1	0
defining	0	1	0
puts	0	1	0
parabola	0	2	0
justifiably	0	1	0
emphasised	0	1	0
hands	0	2	0
day	0	2	0
kilometres	0	1	0
profound	0	1	0
university	0	1	0
traced	0	1	0
eculidean	0	2	0
experienced	0	2	0
homogeneous	0	2	0
heated	0	1	0
society	0	2	0
static	0	1	0
fundamentally	0	1	0
grebe	0	1	0
induction	0	1	0
cyanogen	0	1	0
disclose	0	1	0
evershed	0	1	0
dx2	0	2	0
attending	0	1	0
completely	0	2	0
surely	0	1	0
shun	0	1	0
interaction	0	1	0
determining	0	1	0
diminished	0	1	0
riding	0	1	0
retain	0	2	0
diminishes	0	2	0
finiteness	0	2	0
reaches	0	2	0
dividing	0	1	0
quality	0	1	0
reliable	0	1	0
allgemeinen	0	1	0
publication	0	1	0
intention	0	1	0
bears	0	2	0
revealed	0	2	0
behaves	0	1	0
chased	0	1	0
priority	0	1	0
eq17	0	1	0
intermediate	0	1	0
rippled	0	1	0
eq19	0	1	0
final	0	1	0
completed	0	1	0
nobody	0	1	0
perforce	0	2	0
diminish	0	2	0
theorie	0	1	0
detection	0	1	0
succeeded	0	1	0
inversely	0	1	0
electrostatic	0	1	0
negatively	0	2	0
ingenious	0	1	0
unchanged	0	1	0
kepler	0	1	0
apparently	0	2	0
viewed	0	1	0
illuminated	0	1	0
agency	0	1	0
gravity	0	2	0
concerns	0	1	0
sirius	0	1	0
brazil	0	1	0
asserts	0	1	0
whh	0	1	0
useful	0	1	0
definitions	0	2	0
emancipation	0	1	0
class	0	1	0
temptation	0	1	0
request	0	1	0
face	0	1	0
looked	0	1	0
comprehensibility	0	1	0
occasion	0	1	0
atmosphere	0	1	0
selection	0	1	0
answered	0	1	0
supported	0	1	0
terminate	0	1	0
attainable	0	2	0
rough	0	1	0
pleased	0	1	0
subtracting	0	1	0
postulates	0	1	0
originally	0	1	0
inherited	0	1	0
attained	0	1	0
local	0	2	0
regularly	0	1	0
appreciably	0	2	0
insight	0	1	0
familiar	0	1	0
joint	0	1	0
ones	0	2	0
occupant	0	2	0
126	0	1	0
129	0	1	0
unjustified	0	1	0
evolution	0	1	0
132	0	1	0
fixes	0	1	0
calling	0	1	0
eccentrically	0	1	0
requirement	0	2	0
untrue	0	1	0
statistical	0	1	0
acquired	0	1	0
exerted	0	1	0
differentials	0	1	0
operates	0	1	0
edition	0	2	0
merits	0	1	0
perhelion	0	1	0
luminous	0	1	0
error	0	1	0
destiny	0	1	0
diverge	0	1	0
written	0	2	0
allotted	0	1	0
rendition	0	1	0
sole	0	2	0
interfere	0	1	0
spared	0	1	0
key	0	1	0
eq16	0	1	0
puzzled	0	1	0
restrictions	0	1	0
limits	0	2	0
attributed	0	1	0
powerless	0	1	0
figures	0	1	0
refraction	0	1	0
grounds	0	2	0
strongly	0	1	0
authorised	0	2	0
quadrilateral	0	2	0
invisible	0	1	0
celestial	0	2	0
decreases	0	2	0
cent	0	1	0
alters	0	1	0
immense	0	1	0
treat	0	2	0
contintium	0	1	0
neighbour	0	1	0
multi	0	1	0
unlike	0	2	0
plain	0	2	0
fitzgerald	0	1	0
appearance	0	1	0
britain	0	1	0
frameworks	0	1	0
hovering	0	1	0
bounds	0	1	0
advisable	0	1	0
uncertainty	0	1	0
ripe	0	1	0
sobral	0	1	0
vt	0	1	0
demanded	0	1	0
claimed	0	1	0
education	0	1	0
radiation	0	1	0
indistinguishable	0	1	0
strange	0	1	0
largest	0	1	0
units	0	1	0
satisficd	0	1	0
upon	0	1	0
dust	0	1	0
expand	0	2	0
scarcely	0	1	0
reflection	0	1	0
confronted	0	2	0
conclusiveness	0	1	0
insurmountable	0	1	0
sets	0	2	0
drawing	0	1	0
usual	0	2	0
load	0	1	0
transformstion	0	1	0
proximity	0	1	0
numbering	0	1	0
mistaken	0	1	0
distant	0	2	0
rapid	0	2	0
sky	0	2	0
lake	0	1	0
mathematically	0	2	0
lattice	0	1	0
add	0	2	0
extends	0	2	0
attractive	0	1	0
strech	0	1	0
contradictory	0	2	0
increased	0	2	0
disappearance	0	2	0
devised	0	2	0
repulsions	0	1	0
resolves	0	1	0
elapses	0	1	0
immediately	0	2	0
tick	0	1	0
prominent	0	1	0
displaced	0	2	0
loses	0	1	0
lawson	0	1	0
inexperienced	0	1	0
replacement	0	1	0
exceed	0	1	0
smoothly	0	1	0
revert	0	1	0
unifromly	0	1	0
choosing	0	1	0
gave	0	1	0
transport	0	1	0
indefinite	0	1	0
hundredths	0	1	0
broad	0	2	0
assuming	0	2	0
locate	0	1	0
biology	0	1	0
slight	0	1	0
complication	0	1	0
pressure	0	1	0
gained	0	2	0
carried	0	2	0
unsurpassable	0	1	0
certainty	0	2	0
dependence	0	1	0
compatible	0	1	0
foretold	0	1	0
insufficient	0	1	0
rendered	0	1	0
previously	0	2	0
getting	0	1	0
actions	0	1	0
registration	0	1	0
doubtless	0	2	0
additional	0	2	0
spread	0	1	0
inner	0	1	0
notices	0	1	0
function	0	1	0
agrees	0	2	0
overlapping	0	1	0
collected	0	1	0
repeated	0	2	0
misdeed	0	1	0
highest	0	1	0
convince	0	2	0
limit	0	1	0
demonstrate	0	2	0
rightly	0	1	0
inadequate	0	2	0
universal	0	1	0
exceeded	0	1	0
meaningless	0	1	0
denote	0	2	0
reflecting	0	1	0
galflei	0	1	0
functions	0	2	0
48	0	2	0
46	0	1	0
47	0	1	0
44	0	2	0
45	0	1	0
42	0	1	0
40	0	1	0
41	0	1	0
branch	0	1	0
backwards	0	1	0
repeat	0	1	0
kinds	0	1	0
expereince	0	1	0
radially	0	1	0
ultimately	0	1	0
variation	0	2	0
upwards	0	2	0
auxiliary	0	1	0
came	0	1	0
fung	0	1	0
rule	0	1	0
strings	0	2	0
portion	0	2	0
lives	0	1	0
indirectly	0	1	0
being	-0.00206113093535	44	0.966385736321
throughout	-0.00377668274195	3	0.623952981526
made	-0.00563373839432	13	0.891659358479
when	-0.0160037268776	58	0.972636859437
compared	-0.0190208998836	18	0.917407100334
meaning	-0.0247470690731	14	0.894855370616
other	-0.033779241471	79	0.977677905511
pole	-0.036815859387	6	0.776287360005
test	-0.0412303622278	4	0.688820797665
kind	-0.0463837282348	21	0.923391192557
mode	-0.0488097321465	6	0.773216255613
etc	-0.0526061618154	4	0.685736362834
called	-0.0529431131281	12	0.873092399992
sufficient	-0.0586085879083	5	0.734544781944
metre	-0.0599688016869	6	0.770358907685
comparison	-0.0600712513516	10	0.849891752211
sup	-0.0681016606789	3	0.606120019411
ch	-0.0681016606789	3	0.606120019411
evidence	-0.0753528406282	3	0.604109758055
present	-0.0767987796089	28	0.935729602314
mathematical	-0.0788544255028	7	0.792894230459
virtue	-0.0853960685021	5	0.727480862329
until	-0.0926651484792	11	0.854332275191
state	-0.0966803101796	20	0.910701775713
shows	-0.112958505701	8	0.806043451235
yet	-0.113883357342	12	0.859828852469
first	-0.115298416633	42	0.949094473493
assumed	-0.1195955376	5	0.718462384471
relations	-0.123122029797	7	0.781887867247
those	-0.125179680107	19	0.901446963425
together	-0.129100829285	9	0.819663476514
supplies	-0.129471142478	7	0.780309271763
required	-0.137827245989	16	0.88429693626
once	-0.145578208758	3	0.584641017147
supplementary	-0.145703545886	3	0.584606269646
remain	-0.146241904154	6	0.748268152744
introduction	-0.157519255773	7	0.773335600446
making	-0.166553244559	9	0.81086278885
refer	-0.176326975143	9	0.808566126551
hypothetical	-0.177799974666	3	0.575708102607
known	-0.180317364742	20	0.895242938972
make	-0.183355443223	16	0.875223563111
appendix	-0.19122081489	10	0.819884057201
volume	-0.202135606597	4	0.645192942209
measures	-0.203719425488	3	0.568522393426
best	-0.205300693617	3	0.568084014812
17	-0.215111327443	5	0.693274653244
longer	-0.215861503172	11	0.826854972255
considerations	-0.21740943347	29	0.914958555
exceedingly	-0.218357054447	5	0.692418747644
reason	-0.252586046955	17	0.867320079687
interpreted	-0.256309117089	5	0.682410702326
20	-0.262350379932	5	0.680817607561
increase	-0.26348686483	3	0.551952928256
shown	-0.279701572029	7	0.74295711098
justification	-0.282301235025	4	0.623456829982
aid	-0.283374054735	7	0.742044012582
red	-0.2841274553	6	0.712961715012
nor	-0.286430814119	12	0.822274172102
hubble	-0.292340156609	3	0.543953863574
tension	-0.294857587978	5	0.672245382796
so	-0.300500154894	43	0.924557309357
also	-0.302717304945	62	0.940554808236
observe	-0.314860216001	4	0.614628786363
consideration	-0.316343969204	36	0.912642379213
use	-0.325272075021	21	0.8727227967
deal	-0.326080323011	4	0.611586566026
raven	-0.32722170042	3	0.534283572666
consequence	-0.331488376809	17	0.85190529043
doubt	-0.339113951177	5	0.660574879069
essentially	-0.341860209241	4	0.607308006938
h	-0.342328162966	3	0.530095573184
conjunction	-0.349366997355	3	0.528144180878
belongs	-0.354006962034	4	0.60401453582
proposition	-0.354913571281	4	0.603768717746
prevailing	-0.355427350679	3	0.526464055137
me	-0.359705415295	6	0.693609516639
attention	-0.366062608306	5	0.653468456834
smallness	-0.366543526186	3	0.523382292142
electrodynamical	-0.369004287379	3	0.522700089636
nothing	-0.379153704792	12	0.802093181973
question	-0.383066974054	32	0.895128781748
least	-0.402046177039	10	0.771646129472
whole	-0.406891598433	18	0.843068096444
provided	-0.428792898535	7	0.705888168185
proceeding	-0.433155969266	4	0.582554070311
nevertheless	-0.433432155452	8	0.728619550634
possibility	-0.43644863041	6	0.673958947574
hence	-0.444885390965	13	0.798270434354
cases	-0.454433197609	4	0.576784961627
express	-0.454745603214	8	0.723470390127
moreover	-0.45647010394	6	0.668832326963
actual	-0.458812973604	7	0.698424203168
consider	-0.470528100129	13	0.792818559543
variable	-0.475039839534	6	0.664077432719
basis	-0.478775161363	19	0.834916618438
resulting	-0.480587466156	5	0.623267991099
appeared	-0.497239861128	3	0.487149045519
unity	-0.501357218147	3	0.486007581129
modification	-0.502889381014	6	0.656946387486
neither	-0.508371939804	8	0.710514691095
08	-0.511082610971	3	0.483311388027
which	-0.511397214092	332	0.967937808253
large	-0.511558894813	15	0.802169352569
view	-0.519683384585	19	0.827219579454
means	-0.519817333958	47	0.899831318921
connected	-0.521480634031	4	0.558605716592
exact	-0.523145359903	14	0.791244131476
quasi	-0.531672889724	4	0.555842187908
conceptions	-0.532403728072	3	0.477400485518
step	-0.534047402238	4	0.555198362474
fact	-0.548056056075	27	0.855645518602
illustration	-0.550259399402	5	0.604895343691
against	-0.553596322646	8	0.699588837676
travels	-0.555791578591	3	0.470916617732
derivation	-0.571357674689	5	0.599331680467
investigations	-0.571364978933	3	0.466599168007
december	-0.571970016102	3	0.466431432156
measure	-0.579526874268	8	0.693324221372
u	-0.581909879217	18	0.809524225497
satisfactory	-0.593149107815	6	0.63383483303
perhaps	-0.595457190335	7	0.664450015857
mean	-0.602551922746	11	0.740608834313
able	-0.615105475332	20	0.81488001307
else	-0.642157095104	5	0.580661712126
priori	-0.64393997753	4	0.52540208449
through	-0.647978744243	10	0.71537549257
apparent	-0.654988402351	8	0.675093312672
success	-0.661298113479	4	0.5206955987
confirmed	-0.662812107051	6	0.615997196495
abstract	-0.665307025426	3	0.440555397611
arrive	-0.679653313236	7	0.643516126968
clear	-0.682473345999	11	0.722783427359
remaining	-0.695039202246	3	0.4323126776
applies	-0.705529399247	4	0.508702725816
supplied	-0.709502822355	3	0.428302894811
whose	-0.710875795044	5	0.562540434511
parallel	-0.71253656471	3	0.427461843415
indeed	-0.716135326274	4	0.505827034267
though	-0.718968023396	5	0.560406495473
maximum	-0.725857704181	3	0.42376879317
over	-0.729569509531	15	0.75781339247
describing	-0.730981244058	3	0.422348382383
air	-0.73582935419	3	0.421004329621
already	-0.739716529436	19	0.785819499952
x2	-0.746565555304	4	0.49757618055
precision	-0.751892519633	3	0.416551101186
likely	-0.754724449828	3	0.415765998641
2t2	-0.763311032538	4	0.493035811073
forth	-0.767640099038	5	0.547571558322
say	-0.773110530188	13	0.728486763778
generalisation	-0.774158399324	7	0.620019095235
call	-0.780521447814	9	0.666590587648
preference	-0.784987154419	3	0.407376199192
magnet	-0.809483186668	4	0.480516691051
right	-0.815441755894	7	0.609754712867
chosen	-0.81849606582	12	0.70647101374
come	-0.825727307405	9	0.655967970978
thus	-0.825914215001	60	0.876783994559
1920	-0.826527755462	3	0.395859802477
reality	-0.835568186682	19	0.767784643281
arrived	-0.835794888833	5	0.529598985096
this	-0.83705084731	362	0.95261448251
movement	-0.840806096191	5	0.528277518307
discovered	-0.84602821529	3	0.390453644986
represent	-0.848641606174	5	0.526211276487
detailed	-0.870457663114	4	0.463984068666
orientation	-0.897304950036	4	0.456704694039
real	-0.90446501821	11	0.673271147213
let	-0.922285065186	28	0.797606436662
permanently	-0.92329582994	7	0.582938689463
directly	-0.924701668635	9	0.632710660776
moves	-0.93221435277	5	0.504172952953
contained	-0.945794432621	4	0.443557253472
need	-0.957009609634	7	0.57455634959
naturally	-0.959117202358	4	0.439944917065
clearly	-0.961228022345	8	0.601108241148
even	-0.966996556945	18	0.735718804925
considered	-0.969801633258	24	0.772119850498
character	-0.979994555004	5	0.491573204851
serve	-0.989301871722	3	0.350733558494
just	-0.992976171268	15	0.704221252505
indicated	-1.01960993101	10	0.63034436469
another	-1.03328832856	24	0.761129813429
variations	-1.03711160996	3	0.337479154403
recognised	-1.03828960405	3	0.337152576382
off	-1.03999288907	7	0.553924012951
find	-1.04128049363	15	0.694393361335
behave	-1.05592609166	3	0.332263172213
mc	-1.07404390273	3	0.327240329629
advent	-1.08518085715	3	0.324152806045
framework	-1.09088376352	4	0.404217725532
michelson	-1.09740259174	3	0.320764546355
describe	-1.10087265334	3	0.319802533167
quite	-1.12229601746	19	0.713835703009
unsatisfactory	-1.14925423609	3	0.306389595302
order	-1.15766703905	22	0.727927466169
encounters	-1.16401744195	4	0.384388256556
care	-1.16969677373	3	0.300722263404
gas	-1.17230637548	3	0.299998797486
of	-1.17415155892	2030	0.973301454078
reduced	-1.21949253017	3	0.286917270902
far	-1.22783802148	13	0.63180753461
archive	-1.23414183951	3	0.282856009058
bluish	-1.23414183951	3	0.282856009058
analogous	-1.23837462758	7	0.504599873924
snapshot	-1.24960070552	3	0.278570311951
particularly	-1.25493487868	3	0.277091506814
supply	-1.2552358743	3	0.277008061102
disregard	-1.26477395738	3	0.274363796315
before	-1.27395062218	18	0.676888221601
formulate	-1.27766085759	3	0.270791131223
marxists	-1.30971851777	3	0.261903712091
arranged	-1.32022038054	4	0.342035384508
pan	-1.33878647095	3	0.253845136334
attempt	-1.34771519377	3	0.251369805897
slowly	-1.34859098862	3	0.251127007267
conviction	-1.37058588538	3	0.24502931127
18	-1.37867732915	4	0.326185364738
think	-1.38508325589	4	0.324448461462
extension	-1.43234102225	3	0.227908792124
long	-1.44608265073	13	0.585406727686
previous	-1.4782081975	10	0.525414721453
comprehensive	-1.47847192265	3	0.215119816123
rails	-1.48936190567	5	0.357251874886
derivable	-1.50317378885	3	0.208271660737
could	-1.515938361	8	0.467094608029
careful	-1.51695890029	3	0.204449982472
pages	-1.53096559266	3	0.200566874815
whatsoever	-1.56234140396	4	0.276386678936
notes	-1.57014936353	19	0.629570379505
sum	-1.57144992805	3	0.189343309065
15	-1.57503450131	3	0.188349549545
developed	-1.58292394479	4	0.270805927856
generally	-1.61810735583	4	0.261266296148
processes	-1.61952820733	4	0.260881046405
astronomical	-1.65215441581	3	0.166969417633
seems	-1.66017126225	3	0.164746888788
unable	-1.68524448248	3	0.157795782067
lid	-1.71743480837	3	0.148871583715
despite	-1.75583414523	3	0.138226046921
org	-1.76205564029	4	0.222236151593
although	-1.772317227	5	0.282635912493
continua	-1.79556859229	3	0.127210374444
deduction	-1.8244975461	3	0.1191903338
necessity	-1.8344251622	3	0.116438077874
rotates	-1.85023569703	3	0.112054886808
possess	-1.85320362828	3	0.111232080377
beam	-1.86200962812	3	0.108790772715
beings	-1.86644975004	13	0.496032832534
attach	-1.86983394001	3	0.106621620669
old	-1.9148342469	3	0.0941460817153
electric	-1.99565902152	3	0.0717388428771
mention	-2.01479229786	3	0.0664344805137
friedman	-2.0503699647	3	0.0565712018117
approach	-2.10029011518	3	0.0427317232633
frequency	-2.10867197364	3	0.040408001294
14	-2.11047945539	3	0.0399069089549
goes	-2.1166386129	4	0.126094507879
24	-2.13066077858	3	0.0343119941445
leave	-2.13368197747	3	0.0334744202
figure	-2.1581547085	3	0.0266897884871
m1	-2.16796215222	3	0.0239708482253
supposed	-2.18488941451	3	0.0192780642287
ago	-2.22214094028	3	0.00895073775242
the	-2.25789051113	2994	0.95834801984
